<?xml version="1.0" encoding="UTF-8"?>
<testsuite xmlns:xsi="http://www.w3.org/2001/XMLSchema-instance" xsi:noNamespaceSchemaLocation="https://maven.apache.org/surefire/maven-surefire-plugin/xsd/surefire-test-report.xsd" name="CalculatorSinTest" time="0.002" tests="5" errors="0" skipped="0" failures="0">
  <properties>
    <property name="java.specification.version" value="21"/>
    <property name="sun.jnu.encoding" value="UTF-8"/>
    <property name="java.class.path" value="/Users/Yauheniya_Hladkaya/Library/CloudStorage/OneDrive-EPAM/work 2024/training/Automation mentoring basics/Junit task/ATM_Junit_Task_calculator/target/test-classes:/Users/Yauheniya_Hladkaya/Library/CloudStorage/OneDrive-EPAM/work 2024/training/Automation mentoring basics/Junit task/ATM_Junit_Task_calculator/target/classes:/Users/Yauheniya_Hladkaya/.m2/repository/org/junit/jupiter/junit-jupiter/5.10.2/junit-jupiter-5.10.2.jar:/Users/Yauheniya_Hladkaya/.m2/repository/org/junit/jupiter/junit-jupiter-api/5.10.2/junit-jupiter-api-5.10.2.jar:/Users/Yauheniya_Hladkaya/.m2/repository/org/opentest4j/opentest4j/1.3.0/opentest4j-1.3.0.jar:/Users/Yauheniya_Hladkaya/.m2/repository/org/junit/platform/junit-platform-commons/1.10.2/junit-platform-commons-1.10.2.jar:/Users/Yauheniya_Hladkaya/.m2/repository/org/apiguardian/apiguardian-api/1.1.2/apiguardian-api-1.1.2.jar:/Users/Yauheniya_Hladkaya/.m2/repository/org/junit/jupiter/junit-jupiter-params/5.10.2/junit-jupiter-params-5.10.2.jar:/Users/Yauheniya_Hladkaya/.m2/repository/org/junit/jupiter/junit-jupiter-engine/5.10.2/junit-jupiter-engine-5.10.2.jar:/Users/Yauheniya_Hladkaya/.m2/repository/org/junit/platform/junit-platform-engine/1.10.2/junit-platform-engine-1.10.2.jar:/Users/Yauheniya_Hladkaya/.m2/repository/org/mockito/mockito-junit-jupiter/5.12.0/mockito-junit-jupiter-5.12.0.jar:/Users/Yauheniya_Hladkaya/.m2/repository/org/mockito/mockito-core/5.12.0/mockito-core-5.12.0.jar:/Users/Yauheniya_Hladkaya/.m2/repository/net/bytebuddy/byte-buddy/1.14.15/byte-buddy-1.14.15.jar:/Users/Yauheniya_Hladkaya/.m2/repository/net/bytebuddy/byte-buddy-agent/1.14.15/byte-buddy-agent-1.14.15.jar:/Users/Yauheniya_Hladkaya/.m2/repository/org/objenesis/objenesis/3.3/objenesis-3.3.jar:"/>
    <property name="java.vm.vendor" value="Homebrew"/>
    <property name="sun.arch.data.model" value="64"/>
    <property name="java.vendor.url" value="https://github.com/Homebrew/homebrew-core/issues"/>
    <property name="os.name" value="Mac OS X"/>
    <property name="java.vm.specification.version" value="21"/>
    <property name="sun.java.launcher" value="SUN_STANDARD"/>
    <property name="user.country" value="ES"/>
    <property name="sun.boot.library.path" value="/opt/homebrew/Cellar/openjdk/21.0.1/libexec/openjdk.jdk/Contents/Home/lib"/>
    <property name="sun.java.command" value="/Users/Yauheniya_Hladkaya/Library/CloudStorage/OneDrive-EPAM/work 2024/training/Automation mentoring basics/Junit task/ATM_Junit_Task_calculator/target/surefire/surefirebooter10400587230364759342.jar /Users/Yauheniya_Hladkaya/Library/CloudStorage/OneDrive-EPAM/work 2024/training/Automation mentoring basics/Junit task/ATM_Junit_Task_calculator/target/surefire 2024-06-19T15-02-40_488-jvmRun1 surefire4634511594689362472tmp surefire_016474080624351440068tmp"/>
    <property name="jdk.debug" value="release"/>
    <property name="surefire.test.class.path" value="/Users/Yauheniya_Hladkaya/Library/CloudStorage/OneDrive-EPAM/work 2024/training/Automation mentoring basics/Junit task/ATM_Junit_Task_calculator/target/test-classes:/Users/Yauheniya_Hladkaya/Library/CloudStorage/OneDrive-EPAM/work 2024/training/Automation mentoring basics/Junit task/ATM_Junit_Task_calculator/target/classes:/Users/Yauheniya_Hladkaya/.m2/repository/org/junit/jupiter/junit-jupiter/5.10.2/junit-jupiter-5.10.2.jar:/Users/Yauheniya_Hladkaya/.m2/repository/org/junit/jupiter/junit-jupiter-api/5.10.2/junit-jupiter-api-5.10.2.jar:/Users/Yauheniya_Hladkaya/.m2/repository/org/opentest4j/opentest4j/1.3.0/opentest4j-1.3.0.jar:/Users/Yauheniya_Hladkaya/.m2/repository/org/junit/platform/junit-platform-commons/1.10.2/junit-platform-commons-1.10.2.jar:/Users/Yauheniya_Hladkaya/.m2/repository/org/apiguardian/apiguardian-api/1.1.2/apiguardian-api-1.1.2.jar:/Users/Yauheniya_Hladkaya/.m2/repository/org/junit/jupiter/junit-jupiter-params/5.10.2/junit-jupiter-params-5.10.2.jar:/Users/Yauheniya_Hladkaya/.m2/repository/org/junit/jupiter/junit-jupiter-engine/5.10.2/junit-jupiter-engine-5.10.2.jar:/Users/Yauheniya_Hladkaya/.m2/repository/org/junit/platform/junit-platform-engine/1.10.2/junit-platform-engine-1.10.2.jar:/Users/Yauheniya_Hladkaya/.m2/repository/org/mockito/mockito-junit-jupiter/5.12.0/mockito-junit-jupiter-5.12.0.jar:/Users/Yauheniya_Hladkaya/.m2/repository/org/mockito/mockito-core/5.12.0/mockito-core-5.12.0.jar:/Users/Yauheniya_Hladkaya/.m2/repository/net/bytebuddy/byte-buddy/1.14.15/byte-buddy-1.14.15.jar:/Users/Yauheniya_Hladkaya/.m2/repository/net/bytebuddy/byte-buddy-agent/1.14.15/byte-buddy-agent-1.14.15.jar:/Users/Yauheniya_Hladkaya/.m2/repository/org/objenesis/objenesis/3.3/objenesis-3.3.jar:"/>
    <property name="sun.cpu.endian" value="little"/>
    <property name="user.home" value="/Users/Yauheniya_Hladkaya"/>
    <property name="user.language" value="en"/>
    <property name="java.specification.vendor" value="Oracle Corporation"/>
    <property name="java.version.date" value="2023-10-17"/>
    <property name="java.home" value="/opt/homebrew/Cellar/openjdk/21.0.1/libexec/openjdk.jdk/Contents/Home"/>
    <property name="file.separator" value="/"/>
    <property name="basedir" value="/Users/Yauheniya_Hladkaya/Library/CloudStorage/OneDrive-EPAM/work 2024/training/Automation mentoring basics/Junit task/ATM_Junit_Task_calculator"/>
    <property name="java.vm.compressedOopsMode" value="Zero based"/>
    <property name="line.separator" value="&#10;"/>
    <property name="java.specification.name" value="Java Platform API Specification"/>
    <property name="java.vm.specification.vendor" value="Oracle Corporation"/>
    <property name="apple.awt.application.name" value="ForkedBooter"/>
    <property name="surefire.real.class.path" value="/Users/Yauheniya_Hladkaya/Library/CloudStorage/OneDrive-EPAM/work 2024/training/Automation mentoring basics/Junit task/ATM_Junit_Task_calculator/target/surefire/surefirebooter10400587230364759342.jar"/>
    <property name="sun.management.compiler" value="HotSpot 64-Bit Tiered Compilers"/>
    <property name="java.runtime.version" value="21.0.1"/>
    <property name="user.name" value="Yauheniya_Hladkaya"/>
    <property name="stdout.encoding" value="UTF-8"/>
    <property name="path.separator" value=":"/>
    <property name="os.version" value="14.5"/>
    <property name="java.runtime.name" value="OpenJDK Runtime Environment"/>
    <property name="file.encoding" value="UTF-8"/>
    <property name="java.vm.name" value="OpenJDK 64-Bit Server VM"/>
    <property name="java.vendor.version" value="Homebrew"/>
    <property name="localRepository" value="/Users/Yauheniya_Hladkaya/.m2/repository"/>
    <property name="java.vendor.url.bug" value="https://github.com/Homebrew/homebrew-core/issues"/>
    <property name="java.io.tmpdir" value="/var/folders/ny/q6np4jfs2yl1lfd8jlmk8hc40000gn/T/"/>
    <property name="java.version" value="21.0.1"/>
    <property name="user.dir" value="/Users/Yauheniya_Hladkaya/Library/CloudStorage/OneDrive-EPAM/work 2024/training/Automation mentoring basics/Junit task/ATM_Junit_Task_calculator"/>
    <property name="os.arch" value="aarch64"/>
    <property name="java.vm.specification.name" value="Java Virtual Machine Specification"/>
    <property name="native.encoding" value="UTF-8"/>
    <property name="java.library.path" value="/Users/Yauheniya_Hladkaya/Library/Java/Extensions:/Library/Java/Extensions:/Network/Library/Java/Extensions:/System/Library/Java/Extensions:/usr/lib/java:."/>
    <property name="java.vm.info" value="mixed mode, sharing"/>
    <property name="stderr.encoding" value="UTF-8"/>
    <property name="java.vendor" value="Homebrew"/>
    <property name="java.vm.version" value="21.0.1"/>
    <property name="sun.io.unicode.encoding" value="UnicodeBig"/>
    <property name="java.class.version" value="65.0"/>
  </properties>
  <testcase name="sinPositiveTest{double, double, Calculator}[1]" classname="CalculatorSinTest" time="0"/>
  <testcase name="sinPositiveTest{double, double, Calculator}[2]" classname="CalculatorSinTest" time="0"/>
  <testcase name="sinPositiveTest{double, double, Calculator}[3]" classname="CalculatorSinTest" time="0"/>
  <testcase name="sinPositiveTest{double, double, Calculator}[4]" classname="CalculatorSinTest" time="0"/>
  <testcase name="sinForPIValueTest" classname="CalculatorSinTest" time="0"/>
</testsuite>